TN:stest
SF:/Users/leonidak/CPP2_s21_containers-1/src/s21_vector.hpp
FN:30,30,_ZN10s21_vectorIiEixEm
FN:32,32,_ZN10s21_vectorIiE4backEv
FN:33,33,_ZN10s21_vectorIiE5frontEv
FN:34,34,_ZN10s21_vectorIiE4dataEv
FN:36,36,_ZN10s21_vectorIiE5beginEv
FN:37,37,_ZN10s21_vectorIiE3endEv
FN:38,38,_ZN10s21_vectorIiE6cbeginEv
FN:39,39,_ZN10s21_vectorIiE4cendEv
FN:41,41,_ZNK10s21_vectorIiE5emptyEv
FN:42,42,_ZNK10s21_vectorIiE4sizeEv
FN:43,43,_ZNK10s21_vectorIiE8max_sizeEv
FN:45,45,_ZNK10s21_vectorIiE8capacityEv
FN:73,73,_ZN10s21_vectorIiE8iteratorC1EPi
FN:74,74,_ZN10s21_vectorIiE8iterator4baseEv
FN:75,75,_ZN10s21_vectorIiE8iteratordeEv
FN:91,91,_ZN10s21_vectorIiE14const_iteratorC1EPKi
FN:93,93,_ZN10s21_vectorIiE14const_iteratordeEv
FNDA:39,_ZN10s21_vectorIiEixEm
FNDA:1,_ZN10s21_vectorIiE4backEv
FNDA:2,_ZN10s21_vectorIiE5frontEv
FNDA:1,_ZN10s21_vectorIiE4dataEv
FNDA:9,_ZN10s21_vectorIiE5beginEv
FNDA:3,_ZN10s21_vectorIiE3endEv
FNDA:4,_ZN10s21_vectorIiE6cbeginEv
FNDA:2,_ZN10s21_vectorIiE4cendEv
FNDA:2,_ZNK10s21_vectorIiE5emptyEv
FNDA:13,_ZNK10s21_vectorIiE4sizeEv
FNDA:5,_ZNK10s21_vectorIiE8max_sizeEv
FNDA:9,_ZNK10s21_vectorIiE8capacityEv
FNDA:23,_ZN10s21_vectorIiE8iteratorC1EPi
FNDA:9,_ZN10s21_vectorIiE8iterator4baseEv
FNDA:9,_ZN10s21_vectorIiE8iteratordeEv
FNDA:8,_ZN10s21_vectorIiE14const_iteratorC1EPKi
FNDA:8,_ZN10s21_vectorIiE14const_iteratordeEv
FNF:17
FNH:17
DA:30,39
DA:32,1
DA:33,2
DA:34,1
DA:36,9
DA:37,3
DA:38,4
DA:39,2
DA:41,2
DA:42,13
DA:43,5
DA:45,9
DA:73,23
DA:74,9
DA:75,9
DA:91,8
DA:93,8
LF:17
LH:17
end_of_record
TN:stest
SF:/Users/leonidak/CPP2_s21_containers-1/src/s21_vector.tpp
FN:11,13,_ZN10s21_vectorIiEC1Ev
FN:110,116,_ZN10s21_vectorIiE13shrink_to_fitEv
FN:119,123,_ZN10s21_vectorIiE8iteratorppEv
FN:126,130,_ZN10s21_vectorIiE8iteratormmEv
FN:133,139,_ZN10s21_vectorIiE8iteratorppEi
FN:142,148,_ZN10s21_vectorIiE8iteratormmEi
FN:151,155,_ZN10s21_vectorIiE14const_iteratorppEv
FN:158,162,_ZN10s21_vectorIiE14const_iteratormmEv
FN:165,171,_ZN10s21_vectorIiE14const_iteratorppEi
FN:17,21,_ZN10s21_vectorIiEC1Em
FN:174,180,_ZN10s21_vectorIiE14const_iteratormmEi
FN:183,187,_ZN10s21_vectorIiE5clearEv
FN:190,207,_ZN10s21_vectorIiE6insertENS0_8iteratorERKi
FN:210,222,_ZN10s21_vectorIiE5eraseENS0_8iteratorE
FN:225,240,_ZN10s21_vectorIiE9push_backERKi
FN:24,27,_ZN10s21_vectorIiEC1ERKSt16initializer_listIiE
FN:243,247,_ZN10s21_vectorIiE8pop_backEv
FN:251,260,_ZN10s21_vectorIiE11insert_manyIJRiS2_S2_EEENS0_8iteratorES3_DpOT_
FN:264,266,_ZN10s21_vectorIiE16insert_many_backIJiiiEEEvDpOT_
FN:3,8,_ZN10s21_vectorIiE11zero_vectorEv
FN:31,34,_ZN10s21_vectorIiEC1ERS0_
FN:37,40,_ZN10s21_vectorIiEC1EOS0_
FN:43,47,_ZN10s21_vectorIiED1Ev
FN:57,63,_ZN10s21_vectorIiEaSEOS0_
FN:66,71,_ZN10s21_vectorIiE4swapERS0_
FN:77,83,_ZNK10s21_vectorIiE2atEm
FN:87,94,_ZN10s21_vectorIiE7reallocEm
FN:97,106,_ZN10s21_vectorIiE7reserveEm
FNDA:3,_ZN10s21_vectorIiEC1Ev
FNDA:1,_ZN10s21_vectorIiE13shrink_to_fitEv
FNDA:3,_ZN10s21_vectorIiE8iteratorppEv
FNDA:1,_ZN10s21_vectorIiE8iteratormmEv
FNDA:3,_ZN10s21_vectorIiE8iteratorppEi
FNDA:1,_ZN10s21_vectorIiE8iteratormmEi
FNDA:3,_ZN10s21_vectorIiE14const_iteratorppEv
FNDA:1,_ZN10s21_vectorIiE14const_iteratormmEv
FNDA:1,_ZN10s21_vectorIiE14const_iteratorppEi
FNDA:10,_ZN10s21_vectorIiEC1Em
FNDA:1,_ZN10s21_vectorIiE14const_iteratormmEi
FNDA:1,_ZN10s21_vectorIiE5clearEv
FNDA:4,_ZN10s21_vectorIiE6insertENS0_8iteratorERKi
FNDA:1,_ZN10s21_vectorIiE5eraseENS0_8iteratorE
FNDA:2,_ZN10s21_vectorIiE9push_backERKi
FNDA:23,_ZN10s21_vectorIiEC1ERKSt16initializer_listIiE
FNDA:1,_ZN10s21_vectorIiE8pop_backEv
FNDA:1,_ZN10s21_vectorIiE11insert_manyIJRiS2_S2_EEENS0_8iteratorES3_DpOT_
FNDA:1,_ZN10s21_vectorIiE16insert_many_backIJiiiEEEvDpOT_
FNDA:45,_ZN10s21_vectorIiE11zero_vectorEv
FNDA:1,_ZN10s21_vectorIiEC1ERS0_
FNDA:1,_ZN10s21_vectorIiEC1EOS0_
FNDA:38,_ZN10s21_vectorIiED1Ev
FNDA:6,_ZN10s21_vectorIiEaSEOS0_
FNDA:6,_ZN10s21_vectorIiE4swapERS0_
FNDA:1,_ZNK10s21_vectorIiE2atEm
FNDA:3,_ZN10s21_vectorIiE7reallocEm
FNDA:2,_ZN10s21_vectorIiE7reserveEm
FNF:28
FNH:28
DA:3,45
DA:5,45
DA:6,45
DA:7,45
DA:8,45
DA:11,3
DA:13,3
DA:17,10
DA:19,73
DA:21,10
DA:24,23
DA:26,23
DA:27,23
DA:31,1
DA:33,1
DA:34,1
DA:37,1
DA:39,1
DA:40,1
DA:43,38
DA:45,38
DA:46,38
DA:47,38
DA:57,6
DA:59,6
DA:60,6
DA:61,6
DA:62,6
DA:66,6
DA:68,6
DA:69,6
DA:70,6
DA:71,6
DA:77,1
DA:79,1
DA:80,0
DA:82,1
DA:87,3
DA:89,26
DA:90,3
DA:91,3
DA:92,3
DA:93,3
DA:94,3
DA:97,2
DA:99,2
DA:100,0
DA:102,2
DA:103,0
DA:105,2
DA:110,1
DA:112,1
DA:113,0
DA:115,1
DA:119,3
DA:121,3
DA:122,3
DA:126,1
DA:128,1
DA:129,1
DA:133,3
DA:135,3
DA:136,3
DA:137,3
DA:142,1
DA:144,1
DA:145,1
DA:146,1
DA:151,3
DA:153,3
DA:154,3
DA:158,1
DA:160,1
DA:161,1
DA:165,1
DA:167,1
DA:168,1
DA:169,1
DA:174,1
DA:176,1
DA:177,1
DA:178,1
DA:183,1
DA:185,1
DA:186,1
DA:187,1
DA:190,4
DA:192,4
DA:193,4
DA:194,4
DA:195,22
DA:197,18
DA:199,4
DA:202,14
DA:205,4
DA:206,8
DA:210,1
DA:212,1
DA:213,6
DA:215,5
DA:217,4
DA:220,1
DA:221,1
DA:225,2
DA:227,2
DA:228,0
DA:230,2
DA:231,4
DA:232,2
DA:233,2
DA:234,2
DA:235,2
DA:237,0
DA:239,2
DA:243,1
DA:245,1
DA:246,1
DA:251,1
DA:253,1
DA:254,1
DA:255,4
DA:257,3
DA:259,2
DA:264,1
DA:265,1
DA:266,1
LF:126
LH:120
end_of_record
TN:stest
SF:/Users/leonidak/CPP2_s21_containers-1/src/test.cc
FN:105,109,_ZN27Vectors_iter_plus_plus_Test8TestBodyEv
FN:105,109,_ZN27Vectors_iter_plus_plus_TestC1Ev
FN:105,109,_ZN27Vectors_iter_plus_plus_TestD0Ev
FN:105,109,_ZN27Vectors_iter_plus_plus_TestD1Ev
FN:111,115,_ZN23Vectors_iter_minus_Test8TestBodyEv
FN:111,115,_ZN23Vectors_iter_minus_TestC1Ev
FN:111,115,_ZN23Vectors_iter_minus_TestD0Ev
FN:111,115,_ZN23Vectors_iter_minus_TestD1Ev
FN:117,117,_ZN25Vectors_iter_postfix_Test8TestBodyEv
FN:117,117,_ZN25Vectors_iter_postfix_TestC1Ev
FN:117,117,_ZN25Vectors_iter_postfix_TestD0Ev
FN:117,117,_ZN25Vectors_iter_postfix_TestD1Ev
FN:124,129,_ZN31Vectors_iter_postfix_minus_Test8TestBodyEv
FN:124,129,_ZN31Vectors_iter_postfix_minus_TestC1Ev
FN:124,129,_ZN31Vectors_iter_postfix_minus_TestD0Ev
FN:124,129,_ZN31Vectors_iter_postfix_minus_TestD1Ev
FN:13,13,_ZN30Vectors_Constructors_size_Test8TestBodyEv
FN:13,13,_ZN30Vectors_Constructors_size_TestC1Ev
FN:13,13,_ZN30Vectors_Constructors_size_TestD0Ev
FN:13,13,_ZN30Vectors_Constructors_size_TestD1Ev
FN:133,137,_ZN24Vectors_const_iter1_Test8TestBodyEv
FN:133,137,_ZN24Vectors_const_iter1_TestC1Ev
FN:133,137,_ZN24Vectors_const_iter1_TestD0Ev
FN:133,137,_ZN24Vectors_const_iter1_TestD1Ev
FN:139,143,_ZN28Vectors_const_iter_plus_Test8TestBodyEv
FN:139,143,_ZN28Vectors_const_iter_plus_TestC1Ev
FN:139,143,_ZN28Vectors_const_iter_plus_TestD0Ev
FN:139,143,_ZN28Vectors_const_iter_plus_TestD1Ev
FN:145,145,_ZN33Vectors_const_iter_plus_plus_Test8TestBodyEv
FN:145,145,_ZN33Vectors_const_iter_plus_plus_TestC1Ev
FN:145,145,_ZN33Vectors_const_iter_plus_plus_TestD0Ev
FN:145,145,_ZN33Vectors_const_iter_plus_plus_TestD1Ev
FN:151,151,_ZN29Vectors_const_iter_minus_Test8TestBodyEv
FN:151,151,_ZN29Vectors_const_iter_minus_TestC1Ev
FN:151,151,_ZN29Vectors_const_iter_minus_TestD0Ev
FN:151,151,_ZN29Vectors_const_iter_minus_TestD1Ev
FN:157,157,_ZN31Vectors_const_iter_postfix_Test8TestBodyEv
FN:157,157,_ZN31Vectors_const_iter_postfix_TestC1Ev
FN:157,157,_ZN31Vectors_const_iter_postfix_TestD0Ev
FN:157,157,_ZN31Vectors_const_iter_postfix_TestD1Ev
FN:164,164,_ZN37Vectors_const_iter_postfix_minus_Test8TestBodyEv
FN:164,164,_ZN37Vectors_const_iter_postfix_minus_TestC1Ev
FN:164,164,_ZN37Vectors_const_iter_postfix_minus_TestD0Ev
FN:164,164,_ZN37Vectors_const_iter_postfix_minus_TestD1Ev
FN:171,171,_ZN18Vectors_clear_Test8TestBodyEv
FN:171,171,_ZN18Vectors_clear_TestC1Ev
FN:171,171,_ZN18Vectors_clear_TestD0Ev
FN:171,171,_ZN18Vectors_clear_TestD1Ev
FN:178,178,_ZN19Vectors_insert_Test8TestBodyEv
FN:178,178,_ZN19Vectors_insert_TestC1Ev
FN:178,178,_ZN19Vectors_insert_TestD0Ev
FN:178,178,_ZN19Vectors_insert_TestD1Ev
FN:188,198,_ZN18Vectors_erase_Test8TestBodyEv
FN:188,198,_ZN18Vectors_erase_TestC1Ev
FN:188,198,_ZN18Vectors_erase_TestD0Ev
FN:188,198,_ZN18Vectors_erase_TestD1Ev
FN:201,207,_ZN22Vectors_push_back_Test8TestBodyEv
FN:201,207,_ZN22Vectors_push_back_TestC1Ev
FN:201,207,_ZN22Vectors_push_back_TestD0Ev
FN:201,207,_ZN22Vectors_push_back_TestD1Ev
FN:209,219,_ZN29Vectors_insert_many_back_Test8TestBodyEv
FN:209,219,_ZN29Vectors_insert_many_back_TestC1Ev
FN:209,219,_ZN29Vectors_insert_many_back_TestD0Ev
FN:209,219,_ZN29Vectors_insert_many_back_TestD1Ev
FN:22,22,_ZN30Vectors_Constructors_move_Test8TestBodyEv
FN:22,22,_ZN30Vectors_Constructors_move_TestC1Ev
FN:22,22,_ZN30Vectors_Constructors_move_TestD0Ev
FN:22,22,_ZN30Vectors_Constructors_move_TestD1Ev
FN:224,227,main
FN:33,33,_ZN30Vectors_Constructors_copy_Test8TestBodyEv
FN:33,33,_ZN30Vectors_Constructors_copy_TestC1Ev
FN:33,33,_ZN30Vectors_Constructors_copy_TestD0Ev
FN:33,33,_ZN30Vectors_Constructors_copy_TestD1Ev
FN:45,49,_ZN15Vectors_at_Test8TestBodyEv
FN:45,49,_ZN15Vectors_at_TestC1Ev
FN:45,49,_ZN15Vectors_at_TestD0Ev
FN:45,49,_ZN15Vectors_at_TestD1Ev
FN:51,51,_ZN23Vectors_front_back_Test8TestBodyEv
FN:51,51,_ZN23Vectors_front_back_TestC1Ev
FN:51,51,_ZN23Vectors_front_back_TestD0Ev
FN:51,51,_ZN23Vectors_front_back_TestD1Ev
FN:57,62,_ZN17Vectors_data_Test8TestBodyEv
FN:57,62,_ZN17Vectors_data_TestC1Ev
FN:57,62,_ZN17Vectors_data_TestD0Ev
FN:57,62,_ZN17Vectors_data_TestD1Ev
FN:64,64,_ZN18Vectors_empty_Test8TestBodyEv
FN:64,64,_ZN18Vectors_empty_TestC1Ev
FN:64,64,_ZN18Vectors_empty_TestD0Ev
FN:64,64,_ZN18Vectors_empty_TestD1Ev
FN:71,71,_ZN21Vectors_max_size_Test8TestBodyEv
FN:71,71,_ZN21Vectors_max_size_TestC1Ev
FN:71,71,_ZN21Vectors_max_size_TestD0Ev
FN:71,71,_ZN21Vectors_max_size_TestD1Ev
FN:76,76,_ZN20Vectors_reserve_Test8TestBodyEv
FN:76,76,_ZN20Vectors_reserve_TestC1Ev
FN:76,76,_ZN20Vectors_reserve_TestD0Ev
FN:76,76,_ZN20Vectors_reserve_TestD1Ev
FN:8,8,_ZN25Vectors_Constructors_Test8TestBodyEv
FN:8,8,_ZN25Vectors_Constructors_TestC1Ev
FN:8,8,_ZN25Vectors_Constructors_TestD0Ev
FN:8,8,_ZN25Vectors_Constructors_TestD1Ev
FN:84,84,_ZN19Vectors_shrink_Test8TestBodyEv
FN:84,84,_ZN19Vectors_shrink_TestC1Ev
FN:84,84,_ZN19Vectors_shrink_TestD0Ev
FN:84,84,_ZN19Vectors_shrink_TestD1Ev
FN:93,93,_ZN18Vectors_iter1_Test8TestBodyEv
FN:93,93,_ZN18Vectors_iter1_TestC1Ev
FN:93,93,_ZN18Vectors_iter1_TestD0Ev
FN:93,93,_ZN18Vectors_iter1_TestD1Ev
FN:99,99,_ZN22Vectors_iter_plus_Test8TestBodyEv
FN:99,99,_ZN22Vectors_iter_plus_TestC1Ev
FN:99,99,_ZN22Vectors_iter_plus_TestD0Ev
FN:99,99,_ZN22Vectors_iter_plus_TestD1Ev
FNDA:1,_ZN27Vectors_iter_plus_plus_Test8TestBodyEv
FNDA:1,_ZN27Vectors_iter_plus_plus_TestC1Ev
FNDA:1,_ZN27Vectors_iter_plus_plus_TestD0Ev
FNDA:1,_ZN27Vectors_iter_plus_plus_TestD1Ev
FNDA:1,_ZN23Vectors_iter_minus_Test8TestBodyEv
FNDA:1,_ZN23Vectors_iter_minus_TestC1Ev
FNDA:1,_ZN23Vectors_iter_minus_TestD0Ev
FNDA:1,_ZN23Vectors_iter_minus_TestD1Ev
FNDA:1,_ZN25Vectors_iter_postfix_Test8TestBodyEv
FNDA:1,_ZN25Vectors_iter_postfix_TestC1Ev
FNDA:1,_ZN25Vectors_iter_postfix_TestD0Ev
FNDA:1,_ZN25Vectors_iter_postfix_TestD1Ev
FNDA:1,_ZN31Vectors_iter_postfix_minus_Test8TestBodyEv
FNDA:1,_ZN31Vectors_iter_postfix_minus_TestC1Ev
FNDA:1,_ZN31Vectors_iter_postfix_minus_TestD0Ev
FNDA:1,_ZN31Vectors_iter_postfix_minus_TestD1Ev
FNDA:1,_ZN30Vectors_Constructors_size_Test8TestBodyEv
FNDA:1,_ZN30Vectors_Constructors_size_TestC1Ev
FNDA:1,_ZN30Vectors_Constructors_size_TestD0Ev
FNDA:1,_ZN30Vectors_Constructors_size_TestD1Ev
FNDA:1,_ZN24Vectors_const_iter1_Test8TestBodyEv
FNDA:1,_ZN24Vectors_const_iter1_TestC1Ev
FNDA:1,_ZN24Vectors_const_iter1_TestD0Ev
FNDA:1,_ZN24Vectors_const_iter1_TestD1Ev
FNDA:1,_ZN28Vectors_const_iter_plus_Test8TestBodyEv
FNDA:1,_ZN28Vectors_const_iter_plus_TestC1Ev
FNDA:1,_ZN28Vectors_const_iter_plus_TestD0Ev
FNDA:1,_ZN28Vectors_const_iter_plus_TestD1Ev
FNDA:1,_ZN33Vectors_const_iter_plus_plus_Test8TestBodyEv
FNDA:1,_ZN33Vectors_const_iter_plus_plus_TestC1Ev
FNDA:1,_ZN33Vectors_const_iter_plus_plus_TestD0Ev
FNDA:1,_ZN33Vectors_const_iter_plus_plus_TestD1Ev
FNDA:1,_ZN29Vectors_const_iter_minus_Test8TestBodyEv
FNDA:1,_ZN29Vectors_const_iter_minus_TestC1Ev
FNDA:1,_ZN29Vectors_const_iter_minus_TestD0Ev
FNDA:1,_ZN29Vectors_const_iter_minus_TestD1Ev
FNDA:1,_ZN31Vectors_const_iter_postfix_Test8TestBodyEv
FNDA:1,_ZN31Vectors_const_iter_postfix_TestC1Ev
FNDA:1,_ZN31Vectors_const_iter_postfix_TestD0Ev
FNDA:1,_ZN31Vectors_const_iter_postfix_TestD1Ev
FNDA:1,_ZN37Vectors_const_iter_postfix_minus_Test8TestBodyEv
FNDA:1,_ZN37Vectors_const_iter_postfix_minus_TestC1Ev
FNDA:1,_ZN37Vectors_const_iter_postfix_minus_TestD0Ev
FNDA:1,_ZN37Vectors_const_iter_postfix_minus_TestD1Ev
FNDA:1,_ZN18Vectors_clear_Test8TestBodyEv
FNDA:1,_ZN18Vectors_clear_TestC1Ev
FNDA:1,_ZN18Vectors_clear_TestD0Ev
FNDA:1,_ZN18Vectors_clear_TestD1Ev
FNDA:1,_ZN19Vectors_insert_Test8TestBodyEv
FNDA:1,_ZN19Vectors_insert_TestC1Ev
FNDA:1,_ZN19Vectors_insert_TestD0Ev
FNDA:1,_ZN19Vectors_insert_TestD1Ev
FNDA:1,_ZN18Vectors_erase_Test8TestBodyEv
FNDA:1,_ZN18Vectors_erase_TestC1Ev
FNDA:1,_ZN18Vectors_erase_TestD0Ev
FNDA:1,_ZN18Vectors_erase_TestD1Ev
FNDA:1,_ZN22Vectors_push_back_Test8TestBodyEv
FNDA:1,_ZN22Vectors_push_back_TestC1Ev
FNDA:1,_ZN22Vectors_push_back_TestD0Ev
FNDA:1,_ZN22Vectors_push_back_TestD1Ev
FNDA:1,_ZN29Vectors_insert_many_back_Test8TestBodyEv
FNDA:1,_ZN29Vectors_insert_many_back_TestC1Ev
FNDA:1,_ZN29Vectors_insert_many_back_TestD0Ev
FNDA:1,_ZN29Vectors_insert_many_back_TestD1Ev
FNDA:1,_ZN30Vectors_Constructors_move_Test8TestBodyEv
FNDA:1,_ZN30Vectors_Constructors_move_TestC1Ev
FNDA:1,_ZN30Vectors_Constructors_move_TestD0Ev
FNDA:1,_ZN30Vectors_Constructors_move_TestD1Ev
FNDA:1,main
FNDA:1,_ZN30Vectors_Constructors_copy_Test8TestBodyEv
FNDA:1,_ZN30Vectors_Constructors_copy_TestC1Ev
FNDA:1,_ZN30Vectors_Constructors_copy_TestD0Ev
FNDA:1,_ZN30Vectors_Constructors_copy_TestD1Ev
FNDA:1,_ZN15Vectors_at_Test8TestBodyEv
FNDA:1,_ZN15Vectors_at_TestC1Ev
FNDA:1,_ZN15Vectors_at_TestD0Ev
FNDA:1,_ZN15Vectors_at_TestD1Ev
FNDA:1,_ZN23Vectors_front_back_Test8TestBodyEv
FNDA:1,_ZN23Vectors_front_back_TestC1Ev
FNDA:1,_ZN23Vectors_front_back_TestD0Ev
FNDA:1,_ZN23Vectors_front_back_TestD1Ev
FNDA:1,_ZN17Vectors_data_Test8TestBodyEv
FNDA:1,_ZN17Vectors_data_TestC1Ev
FNDA:1,_ZN17Vectors_data_TestD0Ev
FNDA:1,_ZN17Vectors_data_TestD1Ev
FNDA:1,_ZN18Vectors_empty_Test8TestBodyEv
FNDA:1,_ZN18Vectors_empty_TestC1Ev
FNDA:1,_ZN18Vectors_empty_TestD0Ev
FNDA:1,_ZN18Vectors_empty_TestD1Ev
FNDA:1,_ZN21Vectors_max_size_Test8TestBodyEv
FNDA:1,_ZN21Vectors_max_size_TestC1Ev
FNDA:1,_ZN21Vectors_max_size_TestD0Ev
FNDA:1,_ZN21Vectors_max_size_TestD1Ev
FNDA:1,_ZN20Vectors_reserve_Test8TestBodyEv
FNDA:1,_ZN20Vectors_reserve_TestC1Ev
FNDA:1,_ZN20Vectors_reserve_TestD0Ev
FNDA:1,_ZN20Vectors_reserve_TestD1Ev
FNDA:1,_ZN25Vectors_Constructors_Test8TestBodyEv
FNDA:1,_ZN25Vectors_Constructors_TestC1Ev
FNDA:1,_ZN25Vectors_Constructors_TestD0Ev
FNDA:1,_ZN25Vectors_Constructors_TestD1Ev
FNDA:1,_ZN19Vectors_shrink_Test8TestBodyEv
FNDA:1,_ZN19Vectors_shrink_TestC1Ev
FNDA:1,_ZN19Vectors_shrink_TestD0Ev
FNDA:1,_ZN19Vectors_shrink_TestD1Ev
FNDA:1,_ZN18Vectors_iter1_Test8TestBodyEv
FNDA:1,_ZN18Vectors_iter1_TestC1Ev
FNDA:1,_ZN18Vectors_iter1_TestD0Ev
FNDA:1,_ZN18Vectors_iter1_TestD1Ev
FNDA:1,_ZN22Vectors_iter_plus_Test8TestBodyEv
FNDA:1,_ZN22Vectors_iter_plus_TestC1Ev
FNDA:1,_ZN22Vectors_iter_plus_TestD0Ev
FNDA:1,_ZN22Vectors_iter_plus_TestD1Ev
FNF:113
FNH:113
DA:8,4
DA:9,2
DA:10,1
DA:11,1
DA:13,4
DA:14,2
DA:18,1
DA:19,1
DA:20,1
DA:22,4
DA:23,2
DA:24,1
DA:25,2
DA:26,1
DA:27,1
DA:29,1
DA:30,1
DA:33,4
DA:34,2
DA:35,1
DA:36,1
DA:37,1
DA:38,1
DA:39,2
DA:40,1
DA:41,1
DA:42,1
DA:45,4
DA:46,2
DA:47,1
DA:48,1
DA:49,1
DA:51,4
DA:52,2
DA:53,1
DA:54,1
DA:55,1
DA:57,4
DA:58,2
DA:59,1
DA:60,1
DA:61,1
DA:62,1
DA:64,4
DA:65,2
DA:66,2
DA:67,1
DA:68,1
DA:69,1
DA:71,4
DA:72,2
DA:73,1
DA:74,1
DA:76,4
DA:77,2
DA:78,1
DA:79,1
DA:80,1
DA:81,1
DA:82,1
DA:84,4
DA:85,2
DA:86,1
DA:87,1
DA:88,1
DA:89,1
DA:93,4
DA:94,2
DA:95,1
DA:96,1
DA:97,1
DA:99,4
DA:100,2
DA:101,1
DA:102,1
DA:103,1
DA:105,4
DA:106,2
DA:107,1
DA:108,1
DA:109,1
DA:111,4
DA:112,2
DA:113,1
DA:114,1
DA:115,1
DA:117,4
DA:118,2
DA:119,1
DA:120,1
DA:121,1
DA:122,1
DA:124,4
DA:125,2
DA:126,1
DA:127,1
DA:128,1
DA:129,1
DA:133,4
DA:134,2
DA:135,1
DA:136,1
DA:137,1
DA:139,4
DA:140,2
DA:141,1
DA:142,1
DA:143,1
DA:145,4
DA:146,2
DA:147,1
DA:148,1
DA:149,1
DA:151,4
DA:152,2
DA:153,1
DA:154,1
DA:155,1
DA:157,4
DA:158,2
DA:159,1
DA:160,1
DA:161,1
DA:162,1
DA:164,4
DA:165,2
DA:166,1
DA:167,1
DA:168,1
DA:169,1
DA:171,4
DA:172,2
DA:173,1
DA:174,1
DA:175,1
DA:176,1
DA:178,4
DA:179,2
DA:180,1
DA:181,1
DA:182,1
DA:183,1
DA:184,1
DA:185,1
DA:186,1
DA:188,4
DA:189,2
DA:190,1
DA:191,1
DA:192,1
DA:193,1
DA:194,1
DA:195,1
DA:196,1
DA:197,1
DA:198,1
DA:201,4
DA:202,2
DA:203,1
DA:204,1
DA:205,1
DA:206,1
DA:207,1
DA:209,4
DA:210,2
DA:211,1
DA:212,1
DA:213,1
DA:214,1
DA:215,1
DA:216,1
DA:217,1
DA:218,1
DA:219,1
DA:224,1
DA:225,1
DA:226,1
LF:177
LH:177
end_of_record
